<?xml version="1.0" encoding="UTF-8"?>
<testng-results skipped="0" failed="0" ignored="0" total="1" passed="1">
  <reporter-output>
  </reporter-output>
  <suite name="Default suite" duration-ms="236487" started-at="2018-12-14T11:50:56Z" finished-at="2018-12-14T11:54:53Z">
    <groups>
    </groups>
    <test name="Default test" duration-ms="236487" started-at="2018-12-14T11:50:56Z" finished-at="2018-12-14T11:54:53Z">
      <class name="com.training.testsuites.DragAndDropTest">
        <test-method status="PASS" signature="setUpConfig()[pri:0, instance:com.training.testsuites.DragAndDropTest@18078bef]" name="setUpConfig" is-config="true" duration-ms="51" started-at="2018-12-14T17:20:56Z" finished-at="2018-12-14T17:20:56Z">
          <reporter-output>
          </reporter-output>
        </test-method> <!-- setUpConfig -->
        <test-method status="PASS" signature="startExecution()[pri:0, instance:com.training.testsuites.DragAndDropTest@18078bef]" name="startExecution" is-config="true" duration-ms="13363" started-at="2018-12-14T17:20:56Z" finished-at="2018-12-14T17:21:10Z">
          <reporter-output>
          </reporter-output>
        </test-method> <!-- startExecution -->
        <test-method status="PASS" signature="setup()[pri:0, instance:com.training.testsuites.DragAndDropTest@18078bef]" name="setup" is-config="true" duration-ms="216078" started-at="2018-12-14T17:21:10Z" finished-at="2018-12-14T17:24:46Z">
          <reporter-output>
          </reporter-output>
        </test-method> <!-- setup -->
        <test-method status="PASS" signature="verifyFrame_DragAndDrop_Elements()[pri:0, instance:com.training.testsuites.DragAndDropTest@18078bef]" name="verifyFrame_DragAndDrop_Elements" duration-ms="6073" started-at="2018-12-14T17:24:46Z" finished-at="2018-12-14T17:24:52Z">
          <reporter-output>
          </reporter-output>
        </test-method> <!-- verifyFrame_DragAndDrop_Elements -->
        <test-method status="PASS" signature="tearDown()[pri:0, instance:com.training.testsuites.DragAndDropTest@18078bef]" name="tearDown" is-config="true" duration-ms="845" started-at="2018-12-14T17:24:52Z" finished-at="2018-12-14T17:24:53Z">
          <reporter-output>
          </reporter-output>
        </test-method> <!-- tearDown -->
      </class> <!-- com.training.testsuites.DragAndDropTest -->
    </test> <!-- Default test -->
  </suite> <!-- Default suite -->
</testng-results>
