<?xml version="1.0" encoding="UTF-8"?>
<testng-results skipped="0" failed="0" ignored="0" total="1" passed="1">
  <reporter-output>
  </reporter-output>
  <suite name="Default suite" duration-ms="56168" started-at="2017-07-19T08:09:47Z" finished-at="2017-07-19T08:10:43Z">
    <groups>
    </groups>
    <test name="Default test" duration-ms="56168" started-at="2017-07-19T08:09:47Z" finished-at="2017-07-19T08:10:43Z">
      <class name="com.training.basicseleniumscripts.MouseAndKeyboardActionsTest">
        <test-method status="PASS" signature="startExecution()[pri:0, instance:com.training.basicseleniumscripts.MouseAndKeyboardActionsTest@2a65fe7c]" name="startExecution" is-config="true" duration-ms="8506" started-at="2017-07-19T13:39:38Z" finished-at="2017-07-19T13:39:47Z">
          <reporter-output>
          </reporter-output>
        </test-method> <!-- startExecution -->
        <test-method status="PASS" signature="setup()[pri:0, instance:com.training.basicseleniumscripts.MouseAndKeyboardActionsTest@2a65fe7c]" name="setup" is-config="true" duration-ms="6553" started-at="2017-07-19T13:39:47Z" finished-at="2017-07-19T13:39:53Z">
          <reporter-output>
          </reporter-output>
        </test-method> <!-- setup -->
        <test-method status="PASS" signature="mouseAndKeyBoardActions_TakeScreenShot()[pri:0, instance:com.training.basicseleniumscripts.MouseAndKeyboardActionsTest@2a65fe7c]" name="mouseAndKeyBoardActions_TakeScreenShot" duration-ms="49580" started-at="2017-07-19T13:39:53Z" finished-at="2017-07-19T13:40:43Z">
          <reporter-output>
          </reporter-output>
        </test-method> <!-- mouseAndKeyBoardActions_TakeScreenShot -->
        <test-method status="PASS" signature="teatDown()[pri:0, instance:com.training.basicseleniumscripts.MouseAndKeyboardActionsTest@2a65fe7c]" name="teatDown" is-config="true" duration-ms="17" started-at="2017-07-19T13:40:43Z" finished-at="2017-07-19T13:40:43Z">
          <reporter-output>
          </reporter-output>
        </test-method> <!-- teatDown -->
        <test-method status="PASS" signature="tearDown()[pri:0, instance:com.training.basicseleniumscripts.MouseAndKeyboardActionsTest@2a65fe7c]" name="tearDown" is-config="true" duration-ms="610" started-at="2017-07-19T13:40:43Z" finished-at="2017-07-19T13:40:44Z">
          <reporter-output>
          </reporter-output>
        </test-method> <!-- tearDown -->
      </class> <!-- com.training.basicseleniumscripts.MouseAndKeyboardActionsTest -->
    </test> <!-- Default test -->
  </suite> <!-- Default suite -->
</testng-results>
